<?xml version="1.0" encoding="UTF-8"?>
<!-- Generated by org.testng.reporters.JUnitReportReporter -->
<testsuite skipped="0" hostname="mdmislam" name="com.simplilearn.testcases.Search_product" tests="1" failures="0" timestamp="24 Mar 2019 03:03:57 GMT" time="19.166" errors="0">
  <testcase name="Search_product" time="19.166" classname="com.simplilearn.testcases.Search_product"/>
</testsuite> <!-- com.simplilearn.testcases.Search_product -->
