<?xml version="1.0" encoding="UTF-8"?>
<!-- Generated by org.testng.reporters.JUnitReportReporter -->
<testsuite skipped="0" hostname="mdmislam" name="com.simplilearn.testcases.Sign_in_Invalid" tests="1" failures="0" timestamp="24 Mar 2019 04:32:31 GMT" time="16.207" errors="0">
  <testcase name="Sign_in_Invalid" time="16.207" classname="com.simplilearn.testcases.Sign_in_Invalid"/>
</testsuite> <!-- com.simplilearn.testcases.Sign_in_Invalid -->
