<?xml version="1.0" encoding="UTF-8"?>
<!-- Generated by org.testng.reporters.JUnitReportReporter -->
<testsuite skipped="0" hostname="mdmislam" name="com.simplilearn.testcases.Sign_in_Invalid_Test" tests="1" failures="0" timestamp="24 Mar 2019 14:13:13 GMT" time="15.760" errors="0">
  <testcase name="Sign_in_Invalid_Test" time="15.760" classname="com.simplilearn.testcases.Sign_in_Invalid_Test"/>
</testsuite> <!-- com.simplilearn.testcases.Sign_in_Invalid_Test -->
