<?xml version="1.0" encoding="UTF-8"?>
<!-- Generated by org.testng.reporters.JUnitReportReporter -->
<testsuite skipped="0" hostname="mdmislam" name="com.simplilearn.testcases.Editing_Profile_Test" tests="1" failures="0" timestamp="24 Mar 2019 14:13:13 GMT" time="20.455" errors="0">
  <testcase name="Editing_Profile_Test" time="20.455" classname="com.simplilearn.testcases.Editing_Profile_Test"/>
</testsuite> <!-- com.simplilearn.testcases.Editing_Profile_Test -->
