<?xml version="1.0" encoding="UTF-8"?>
<!-- Generated by org.testng.reporters.JUnitReportReporter -->
<testsuite skipped="0" hostname="mdmislam" name="com.simplilearn.testcases.RegisterTest" tests="1" failures="0" timestamp="22 Mar 2019 15:35:38 GMT" time="26.246" errors="0">
  <testcase name="Register" time="26.246" classname="com.simplilearn.testcases.RegisterTest"/>
</testsuite> <!-- com.simplilearn.testcases.RegisterTest -->
