<?xml version="1.0" encoding="UTF-8"?>
<!-- Generated by org.testng.reporters.JUnitReportReporter -->
<testsuite skipped="0" hostname="mdmislam" name="com.simplilearn.testcases.Register_Test" tests="1" failures="0" timestamp="24 Mar 2019 14:13:13 GMT" time="26.881" errors="0">
  <testcase name="Register_Test" time="26.881" classname="com.simplilearn.testcases.Register_Test"/>
</testsuite> <!-- com.simplilearn.testcases.Register_Test -->
